Params:
--model SincNet --w_len 200 --seed 0 --mask False --hard_mask False --penalty 0
/home/aditthapron/work/[/home/aditthapron/work/anaconda3/envs/torch_1_12/lib/python3.6/site-packages/tensorflow/python/framework/dtypes.py:458: FutureWarning: Passing (type, 1) or '1type' as a synonym of type is deprecated; in a future version of numpy, it will be understood as (type, (1,)) / '(1,)type'.
  _np_qint8 = np.dtype([("qint8", np.int8, 1)])
/home/aditthapron/work/[/home/aditthapron/work/anaconda3/envs/torch_1_12/lib/python3.6/site-packages/tensorflow/python/framework/dtypes.py:459: FutureWarning: Passing (type, 1) or '1type' as a synonym of type is deprecated; in a future version of numpy, it will be understood as (type, (1,)) / '(1,)type'.
  _np_quint8 = np.dtype([("quint8", np.uint8, 1)])
/home/aditthapron/work/[/home/aditthapron/work/anaconda3/envs/torch_1_12/lib/python3.6/site-packages/tensorflow/python/framework/dtypes.py:460: FutureWarning: Passing (type, 1) or '1type' as a synonym of type is deprecated; in a future version of numpy, it will be understood as (type, (1,)) / '(1,)type'.
  _np_qint16 = np.dtype([("qint16", np.int16, 1)])
/home/aditthapron/work/[/home/aditthapron/work/anaconda3/envs/torch_1_12/lib/python3.6/site-packages/tensorflow/python/framework/dtypes.py:461: FutureWarning: Passing (type, 1) or '1type' as a synonym of type is deprecated; in a future version of numpy, it will be understood as (type, (1,)) / '(1,)type'.
  _np_quint16 = np.dtype([("quint16", np.uint16, 1)])
/home/aditthapron/work/[/home/aditthapron/work/anaconda3/envs/torch_1_12/lib/python3.6/site-packages/tensorflow/python/framework/dtypes.py:462: FutureWarning: Passing (type, 1) or '1type' as a synonym of type is deprecated; in a future version of numpy, it will be understood as (type, (1,)) / '(1,)type'.
  _np_qint32 = np.dtype([("qint32", np.int32, 1)])
/home/aditthapron/work/[/home/aditthapron/work/anaconda3/envs/torch_1_12/lib/python3.6/site-packages/tensorflow/python/framework/dtypes.py:465: FutureWarning: Passing (type, 1) or '1type' as a synonym of type is deprecated; in a future version of numpy, it will be understood as (type, (1,)) / '(1,)type'.
  np_resource = np.dtype([("resource", np.ubyte, 1)])
SincNet_TIMIT_200_10__False_0_0 -- 2022-09-17_19:08:49
Valid: 0, loss=3.630, err=0.756, err_snt=0.233, tr_loss=2.503, tr_err=0.593, length=3200.0
Valid: 1, loss=3.052, err=0.622, err_snt=0.043, tr_loss=1.391, tr_err=0.352, length=3200.0
Valid: 2, loss=3.307, err=0.604, err_snt=0.030, tr_loss=0.835, tr_err=0.220, length=3200.0
Valid: 3, loss=3.688, err=0.597, err_snt=0.025, tr_loss=0.483, tr_err=0.133, length=3200.0
Valid: 4, loss=3.780, err=0.570, err_snt=0.021, tr_loss=0.310, tr_err=0.091, length=3200.0
Valid: 5, loss=3.929, err=0.566, err_snt=0.018, tr_loss=0.239, tr_err=0.071, length=3200.0
Valid: 6, loss=4.334, err=0.562, err_snt=0.013, tr_loss=0.154, tr_err=0.047, length=3200.0
Valid: 7, loss=4.337, err=0.560, err_snt=0.014, tr_loss=0.132, tr_err=0.041, length=3200.0
Valid: 8, loss=4.330, err=0.560, err_snt=0.012, tr_loss=0.117, tr_err=0.036, length=3200.0
Valid: 9, loss=4.907, err=0.557, err_snt=0.015, tr_loss=0.103, tr_err=0.034, length=3200.0
Valid: 10, loss=5.131, err=0.554, err_snt=0.013, tr_loss=0.073, tr_err=0.023, length=3200.0
Valid: 11, loss=5.003, err=0.556, err_snt=0.012, tr_loss=0.077, tr_err=0.025, length=3200.0
Valid: 12, loss=5.116, err=0.548, err_snt=0.010, tr_loss=0.074, tr_err=0.024, length=3200.0
Valid: 13, loss=5.249, err=0.553, err_snt=0.012, tr_loss=0.061, tr_err=0.019, length=3200.0
Valid: 14, loss=5.223, err=0.548, err_snt=0.009, tr_loss=0.060, tr_err=0.020, length=3200.0
Valid: 15, loss=4.547, err=0.559, err_snt=0.014, tr_loss=0.062, tr_err=0.021, length=3200.0
Valid: 16, loss=5.210, err=0.548, err_snt=0.010, tr_loss=0.052, tr_err=0.016, length=3200.0
Valid: 17, loss=5.740, err=0.547, err_snt=0.012, tr_loss=0.054, tr_err=0.017, length=3200.0
Valid: 18, loss=5.147, err=0.545, err_snt=0.010, tr_loss=0.047, tr_err=0.015, length=3200.0
Valid: 19, loss=6.291, err=0.544, err_snt=0.012, tr_loss=0.051, tr_err=0.017, length=3200.0
Valid: 20, loss=5.627, err=0.548, err_snt=0.011, tr_loss=0.047, tr_err=0.016, length=3200.0
Valid: 21, loss=5.338, err=0.546, err_snt=0.013, tr_loss=0.043, tr_err=0.013, length=3200.0
Valid: 22, loss=4.754, err=0.559, err_snt=0.015, tr_loss=0.049, tr_err=0.015, length=3200.0
Valid: 23, loss=5.621, err=0.543, err_snt=0.010, tr_loss=0.041, tr_err=0.012, length=3200.0
Valid: 24, loss=5.760, err=0.542, err_snt=0.012, tr_loss=0.037, tr_err=0.012, length=3200.0
Valid: 25, loss=5.464, err=0.541, err_snt=0.013, tr_loss=0.040, tr_err=0.013, length=3200.0
Valid: 26, loss=6.413, err=0.540, err_snt=0.009, tr_loss=0.044, tr_err=0.013, length=3200.0
Valid: 27, loss=5.638, err=0.550, err_snt=0.009, tr_loss=0.032, tr_err=0.010, length=3200.0
Valid: 28, loss=5.874, err=0.538, err_snt=0.011, tr_loss=0.037, tr_err=0.011, length=3200.0
Valid: 29, loss=6.733, err=0.549, err_snt=0.012, tr_loss=0.035, tr_err=0.012, length=3200.0
Valid: 30, loss=5.300, err=0.544, err_snt=0.011, tr_loss=0.027, tr_err=0.008, length=3200.0
Valid: 31, loss=6.063, err=0.544, err_snt=0.010, tr_loss=0.036, tr_err=0.010, length=3200.0
Valid: 32, loss=6.311, err=0.540, err_snt=0.012, tr_loss=0.034, tr_err=0.011, length=3200.0
Valid: 33, loss=7.163, err=0.539, err_snt=0.008, tr_loss=0.027, tr_err=0.009, length=3200.0
Valid: 34, loss=5.968, err=0.552, err_snt=0.009, tr_loss=0.027, tr_err=0.009, length=3200.0
Valid: 35, loss=5.775, err=0.549, err_snt=0.012, tr_loss=0.031, tr_err=0.010, length=3200.0
Valid: 36, loss=6.933, err=0.549, err_snt=0.012, tr_loss=0.032, tr_err=0.010, length=3200.0
Valid: 37, loss=6.956, err=0.560, err_snt=0.007, tr_loss=0.026, tr_err=0.008, length=3200.0
Valid: 38, loss=6.815, err=0.535, err_snt=0.010, tr_loss=0.028, tr_err=0.008, length=3200.0
Valid: 39, loss=7.268, err=0.543, err_snt=0.010, tr_loss=0.030, tr_err=0.010, length=3200.0
Valid: 40, loss=8.593, err=0.546, err_snt=0.014, tr_loss=0.029, tr_err=0.009, length=3200.0
Valid: 41, loss=8.110, err=0.549, err_snt=0.012, tr_loss=0.025, tr_err=0.008, length=3200.0
Valid: 42, loss=6.129, err=0.545, err_snt=0.010, tr_loss=0.029, tr_err=0.009, length=3200.0
Valid: 43, loss=8.252, err=0.543, err_snt=0.010, tr_loss=0.022, tr_err=0.007, length=3200.0
Valid: 44, loss=6.262, err=0.543, err_snt=0.009, tr_loss=0.022, tr_err=0.007, length=3200.0
Valid: 45, loss=6.963, err=0.546, err_snt=0.010, tr_loss=0.025, tr_err=0.007, length=3200.0
Valid: 46, loss=6.505, err=0.546, err_snt=0.009, tr_loss=0.019, tr_err=0.006, length=3200.0
Valid: 47, loss=7.656, err=0.551, err_snt=0.009, tr_loss=0.016, tr_err=0.005, length=3200.0
Valid: 48, loss=6.548, err=0.550, err_snt=0.010, tr_loss=0.023, tr_err=0.006, length=3200.0
Valid: 49, loss=7.488, err=0.543, err_snt=0.009, tr_loss=0.021, tr_err=0.006, length=3200.0
